2022-06-11 12:41:56 INFO  Log4j:10 - Test is Starting...
2022-06-11 12:41:59 INFO  Log4j:20 - Opening Page : https://www.gittigidiyor.com
2022-06-11 12:41:59 INFO  Log4j:20 - Arama kutucuğuna bilgisayar kelimesi girilir.
2022-06-11 12:42:07 INFO  Log4j:20 - Arama sonuçları sayfasından 2. sayfa açılır
2022-06-11 12:42:15 INFO  Log4j:20 - Sonuca göre 2. sayfadan rastgele bir ürün sectik
2022-06-11 12:42:17 INFO  Log4j:20 - secilen ürünün etiketini ve Fiyatını dosyaya yazdırdık
2022-06-11 12:42:26 INFO  Log4j:20 - Seçilen ürünü sepete ekliyoruz
2022-06-11 12:42:33 INFO  Log4j:20 - Ürün sayfasındaki fiyat ile sepetteki ürün fiyatinin doğrulugu karşilasilastirdik
2022-06-11 12:42:36 INFO  Log4j:20 - Ürün sayisi arttırılarak ürün adedinin 2 olduğu doğrulanır
2022-06-11 12:42:41 INFO  Log4j:20 - Ürün sepetten silinerek sepetin boş olduğu kontrol edilir
2022-06-11 12:42:41 INFO  Log4j:15 - Test is Ending...
2022-06-11 14:18:07 INFO  Log4j:10 - Test is Starting...
2022-06-11 14:18:09 INFO  Log4j:15 - Test is Ending...
2022-06-11 14:19:44 INFO  Log4j:10 - Test is Starting...
2022-06-11 14:19:47 INFO  Log4j:15 - Test is Ending...
2022-06-11 14:25:45 INFO  Log4j:10 - Test is Starting...
2022-06-11 14:25:48 INFO  Log4j:15 - Test is Ending...
2022-06-11 14:43:45 INFO  Log4j:10 - Test is Starting...
2022-06-11 14:43:47 INFO  Log4j:15 - Test is Ending...
2022-06-11 14:57:59 INFO  Log4j:10 - Test is Starting...
2022-06-11 14:58:03 INFO  Log4j:15 - Test is Ending...
2022-06-11 15:02:29 INFO  Log4j:10 - Test is Starting...
2022-06-11 15:02:33 INFO  Log4j:15 - Test is Ending...
2022-06-11 15:03:51 INFO  Log4j:10 - Test is Starting...
2022-06-11 15:03:53 INFO  Log4j:15 - Test is Ending...
2022-06-11 15:05:28 INFO  Log4j:10 - Test is Starting...
2022-06-11 15:05:30 INFO  Log4j:15 - Test is Ending...
2022-06-11 15:05:57 INFO  Log4j:10 - Test is Starting...
2022-06-11 15:05:59 INFO  Log4j:15 - Test is Ending...
2022-06-11 15:10:41 INFO  Log4j:10 - Test is Starting...
2022-06-11 15:10:44 INFO  Log4j:15 - Test is Ending...
2022-06-11 20:08:18 INFO  Log4j:10 - Test is Starting...
2022-06-11 20:08:21 INFO  Log4j:15 - Test is Ending...
2022-06-11 20:09:39 INFO  Log4j:10 - Test is Starting...
2022-06-11 20:09:41 INFO  Log4j:15 - Test is Ending...
2022-06-11 20:11:34 INFO  Log4j:10 - Test is Starting...
2022-06-11 20:11:37 INFO  Log4j:15 - Test is Ending...
2022-06-11 20:12:17 INFO  Log4j:10 - Test is Starting...
2022-06-11 20:12:19 INFO  Log4j:15 - Test is Ending...
2022-06-11 20:43:42 INFO  Log4j:10 - Test is Starting...
2022-06-11 20:43:45 INFO  Log4j:15 - Test is Ending...
2022-06-11 20:44:37 INFO  Log4j:10 - Test is Starting...
2022-06-11 20:44:39 INFO  Log4j:15 - Test is Ending...
2022-06-11 20:58:54 INFO  Log4j:10 - Test is Starting...
2022-06-11 20:58:57 INFO  Log4j:15 - Test is Ending...
2022-06-11 21:00:22 INFO  Log4j:10 - Test is Starting...
2022-06-11 21:00:24 INFO  Log4j:15 - Test is Ending...
2022-06-11 21:02:23 INFO  Log4j:10 - Test is Starting...
2022-06-11 21:02:25 INFO  Log4j:15 - Test is Ending...
2022-06-11 21:03:33 INFO  Log4j:10 - Test is Starting...
2022-06-11 21:03:36 INFO  Log4j:15 - Test is Ending...
2022-06-11 21:05:31 INFO  Log4j:10 - Test is Starting...
2022-06-11 21:05:33 INFO  Log4j:15 - Test is Ending...
2022-06-11 21:15:48 INFO  Log4j:10 - Test is Starting...
2022-06-11 21:15:49 INFO  Log4j:15 - Test is Ending...
2022-06-11 21:18:02 INFO  Log4j:10 - Test is Starting...
2022-06-11 21:18:04 INFO  Log4j:15 - Test is Ending...
2022-06-11 21:18:49 INFO  Log4j:10 - Test is Starting...
2022-06-11 21:18:51 INFO  Log4j:15 - Test is Ending...
2022-06-11 21:25:29 INFO  Log4j:10 - Test is Starting...
2022-06-11 21:25:32 INFO  Log4j:15 - Test is Ending...
2022-06-11 21:26:04 INFO  Log4j:10 - Test is Starting...
2022-06-11 21:26:10 INFO  Log4j:15 - Test is Ending...
2022-06-11 21:32:33 INFO  Log4j:10 - Test is Starting...
2022-06-11 21:32:37 INFO  Log4j:15 - Test is Ending...
